Using pre-set license
Built from '2021.3/china_unity/release' branch; Version is '2021.3.18f1c1 (93698379025b) revision 9660803'; Using compiler version '192829333'; Build Type 'Release'
OS: 'Windows 11  (10.0.22000) 64bit CoreCountrySpecific' Language: 'zh' Physical Memory: 14188 MB
BatchMode: 1, IsHumanControllingUs: 0, StartBugReporterOnCrash: 0, Is64bit: 1, IsPro: 1

COMMAND LINE ARGUMENTS:
C:\Program Files\Unity\Hub\Editor\2021.3.18f1c1\Editor\Unity.exe
-adb2
-batchMode
-noUpm
-name
AssetImportWorker0
-projectPath
D:/C#/Unity/1/Unity 6
-logFile
Logs/AssetImportWorker0.log
-srvPort
58083
Successfully changed project path to: D:/C#/Unity/1/Unity 6
D:/C#/Unity/1/Unity 6
[UnityMemory] Configuration Parameters - Can be set up in boot.config
    "memorysetup-bucket-allocator-granularity=16"
    "memorysetup-bucket-allocator-bucket-count=8"
    "memorysetup-bucket-allocator-block-size=33554432"
    "memorysetup-bucket-allocator-block-count=8"
    "memorysetup-main-allocator-block-size=16777216"
    "memorysetup-thread-allocator-block-size=16777216"
    "memorysetup-gfx-main-allocator-block-size=16777216"
    "memorysetup-gfx-thread-allocator-block-size=16777216"
    "memorysetup-cache-allocator-block-size=4194304"
    "memorysetup-typetree-allocator-block-size=2097152"
    "memorysetup-profiler-bucket-allocator-granularity=16"
    "memorysetup-profiler-bucket-allocator-bucket-count=8"
    "memorysetup-profiler-bucket-allocator-block-size=33554432"
    "memorysetup-profiler-bucket-allocator-block-count=8"
    "memorysetup-profiler-allocator-block-size=16777216"
    "memorysetup-profiler-editor-allocator-block-size=1048576"
    "memorysetup-temp-allocator-size-main=16777216"
    "memorysetup-job-temp-allocator-block-size=2097152"
    "memorysetup-job-temp-allocator-block-size-background=1048576"
    "memorysetup-job-temp-allocator-reduction-small-platforms=262144"
    "memorysetup-temp-allocator-size-background-worker=32768"
    "memorysetup-temp-allocator-size-job-worker=262144"
    "memorysetup-temp-allocator-size-preload-manager=33554432"
    "memorysetup-temp-allocator-size-nav-mesh-worker=65536"
    "memorysetup-temp-allocator-size-audio-worker=65536"
    "memorysetup-temp-allocator-size-cloud-worker=32768"
    "memorysetup-temp-allocator-size-gi-baking-worker=262144"
    "memorysetup-temp-allocator-size-gfx=262144"
Player connection [65228] Host "[IP] 192.168.138.208 [Port] 0 [Flags] 2 [Guid] 1238784886 [EditorId] 1238784886 [Version] 1048832 [Id] WindowsEditor(7,LAPTOP-U2A2GJVI) [Debug] 1 [PackageName] WindowsEditor [ProjectName] Editor" joined multi-casting on [225.0.0.222:54997]...

Player connection [65228] Host "[IP] 192.168.138.208 [Port] 0 [Flags] 2 [Guid] 1238784886 [EditorId] 1238784886 [Version] 1048832 [Id] WindowsEditor(7,LAPTOP-U2A2GJVI) [Debug] 1 [PackageName] WindowsEditor [ProjectName] Editor" joined alternative multi-casting on [225.0.0.222:34997]...

AS: AutoStreaming module initializing.
Refreshing native plugins compatible for Editor in 114.63 ms, found 3 plugins.
Preloading 0 native plugins for Editor in 0.00 ms.
Initialize engine version: 2021.3.18f1c1 (93698379025b)
[Subsystems] Discovering subsystems at path C:/Program Files/Unity/Hub/Editor/2021.3.18f1c1/Editor/Data/Resources/UnitySubsystems
[Subsystems] Discovering subsystems at path D:/C#/Unity/1/Unity 6/Assets
GfxDevice: creating device client; threaded=0; jobified=0
Direct3D:
    Version:  Direct3D 11.0 [level 11.1]
    Renderer: NVIDIA GeForce GTX 1650 (ID=0x1f9d)
    Vendor:   NVIDIA
    VRAM:     3965 MB
    Driver:   31.0.15.1654
Initialize mono
Mono path[0] = 'C:/Program Files/Unity/Hub/Editor/2021.3.18f1c1/Editor/Data/Managed'
Mono path[1] = 'C:/Program Files/Unity/Hub/Editor/2021.3.18f1c1/Editor/Data/MonoBleedingEdge/lib/mono/unityjit-win32'
Mono config path = 'C:/Program Files/Unity/Hub/Editor/2021.3.18f1c1/Editor/Data/MonoBleedingEdge/etc'
Using monoOptions --debugger-agent=transport=dt_socket,embedding=1,server=y,suspend=n,address=127.0.0.1:56728
Begin MonoManager ReloadAssembly
Registering precompiled unity dll's ...
Register platform support module: C:/Program Files/Unity/Hub/Editor/2021.3.18f1c1/Editor/Data/PlaybackEngines/WebGLSupport/UnityEditor.WebGL.Extensions.dll
Register platform support module: C:/Program Files/Unity/Hub/Editor/2021.3.18f1c1/Editor/Data/PlaybackEngines/WindowsStandaloneSupport/UnityEditor.WindowsStandalone.Extensions.dll
Register platform support module: C:/Program Files/Unity/Hub/Editor/2021.3.18f1c1/Editor/Data/PlaybackEngines/MetroSupport/UnityEditor.UWP.Extensions.dll
Registered in 0.039152 seconds.
Native extension for UWP target not found
Native extension for WindowsStandalone target not found
Native extension for WebGL target not found
Refreshing native plugins compatible for Editor in 125.21 ms, found 3 plugins.
Preloading 0 native plugins for Editor in 0.00 ms.
Mono: successfully reloaded assembly
- Completed reload, in  1.239 seconds
Domain Reload Profiling:
	ReloadAssembly (1239ms)
		BeginReloadAssembly (332ms)
			ExecutionOrderSort (0ms)
			DisableScriptedObjects (0ms)
			BackupInstance (0ms)
			ReleaseScriptingObjects (0ms)
			CreateAndSetChildDomain (1ms)
		EndReloadAssembly (686ms)
			LoadAssemblies (317ms)
			RebuildTransferFunctionScriptingTraits (0ms)
			SetupTypeCache (150ms)
			ReleaseScriptCaches (0ms)
			RebuildScriptCaches (39ms)
			SetupLoadedEditorAssemblies (381ms)
				LogAssemblyErrors (0ms)
				InitializePlatformSupportModulesInManaged (27ms)
				SetLoadedEditorAssemblies (0ms)
				RefreshPlugins (125ms)
				BeforeProcessingInitializeOnLoad (2ms)
				ProcessInitializeOnLoadAttributes (163ms)
				ProcessInitializeOnLoadMethodAttributes (63ms)
				AfterProcessingInitializeOnLoad (0ms)
				EditorAssembliesLoaded (0ms)
			ExecutionOrderSort2 (0ms)
			AwakeInstancesAfterBackupRestoration (0ms)
Platform modules already initialized, skipping
Registering precompiled user dll's ...
Registered in 0.023872 seconds.
Begin MonoManager ReloadAssembly
Symbol file LoadedFromMemory doesn't match image D:\C#\Unity\1\Unity 6\Library\PackageCache\com.unity.visualscripting@1.8.0\Editor\VisualScripting.Core\Dependencies\YamlDotNet\Unity.VisualScripting.YamlDotNet.dll
Symbol file LoadedFromMemory doesn't match image D:\C#\Unity\1\Unity 6\Library\PackageCache\com.unity.visualscripting@1.8.0\Editor\VisualScripting.Core\Dependencies\DotNetZip\Unity.VisualScripting.IonicZip.dll
Native extension for UWP target not found
Native extension for WindowsStandalone target not found
Native extension for WebGL target not found
Refreshing native plugins compatible for Editor in 0.93 ms, found 3 plugins.
Preloading 0 native plugins for Editor in 0.00 ms.
Mono: successfully reloaded assembly
- Completed reload, in  1.879 seconds
Domain Reload Profiling:
	ReloadAssembly (1880ms)
		BeginReloadAssembly (206ms)
			ExecutionOrderSort (0ms)
			DisableScriptedObjects (8ms)
			BackupInstance (0ms)
			ReleaseScriptingObjects (0ms)
			CreateAndSetChildDomain (23ms)
		EndReloadAssembly (1465ms)
			LoadAssemblies (247ms)
			RebuildTransferFunctionScriptingTraits (0ms)
			SetupTypeCache (310ms)
			ReleaseScriptCaches (1ms)
			RebuildScriptCaches (55ms)
			SetupLoadedEditorAssemblies (795ms)
				LogAssemblyErrors (0ms)
				InitializePlatformSupportModulesInManaged (22ms)
				SetLoadedEditorAssemblies (1ms)
				RefreshPlugins (1ms)
				BeforeProcessingInitializeOnLoad (136ms)
				ProcessInitializeOnLoadAttributes (566ms)
				ProcessInitializeOnLoadMethodAttributes (23ms)
				AfterProcessingInitializeOnLoad (46ms)
				EditorAssembliesLoaded (0ms)
			ExecutionOrderSort2 (0ms)
			AwakeInstancesAfterBackupRestoration (12ms)
Platform modules already initialized, skipping
========================================================================
Worker process is ready to serve import requests
Launched and connected shader compiler UnityShaderCompiler.exe after 0.08 seconds
Refreshing native plugins compatible for Editor in 1.47 ms, found 3 plugins.
Preloading 0 native plugins for Editor in 0.00 ms.
Unloading 3642 Unused Serialized files (Serialized files now loaded: 0)
Unloading 85 unused Assets / (10.8 MB). Loaded Objects now: 4044.
Memory consumption went from 230.1 MB to 219.3 MB.
Total: 10.805300 ms (FindLiveObjects: 0.365600 ms CreateObjectMapping: 0.144800 ms MarkObjects: 3.633400 ms  DeleteObjects: 6.659600 ms)

AssetImportParameters requested are different than current active one (requested -> active):
  custom:video-decoder-ogg-theora: a1e56fd34408186e4bbccfd4996cb3dc -> 
  custom:container-muxer-webm: aa71ff27fc2769a1b78a27578f13a17b -> 
  custom:container-demuxer-webm: 4f35f7cbe854078d1ac9338744f61a02 -> 
  custom:video-encoder-webm-vp8: eb34c28f22e8b96e1ab97ce403110664 -> 
  custom:video-codec-MediaFoundation-h265: 746d11721c4dcdbdad8f713fa42b33f4 -> 
  custom:audio-encoder-webm-vorbis: bf7c407c2cedff20999df2af8eb42d56 -> 
  custom:framework-win-MediaFoundation: 216162199b28c13a410421893ffa2e32 -> 
  custom:container-demuxer-ogg: 62fdf1f143b41e24485cea50d1cbac27 -> 
  custom:video-decoder-webm-vp8: 9c59270c3fd7afecdb556c50c9e8de78 -> 
  custom:audio-decoder-ogg-vorbis: bf7c407c2cedff20999df2af8eb42d56 -> 
========================================================================
Received Import Request.
  Time since last request: 459113.197817 seconds.
  path: Assets/388EB06ECD74CA380C7D65B161D1646D.png
  artifactKey: Guid(3de68d49a3bf92d45b4727d486e1ebae) Importer(815301076,1909f56bfc062723c751e8b465ee728b)
Start importing Assets/388EB06ECD74CA380C7D65B161D1646D.png using Guid(3de68d49a3bf92d45b4727d486e1ebae) Importer(815301076,1909f56bfc062723c751e8b465ee728b)  -> (artifact id: 'feac7bd71cfce53ff539ae868d49573f') in 0.208244 seconds 
========================================================================
Received Import Request.
  Time since last request: 0.000033 seconds.
  path: Assets/53c14b39-17d363e7540.wav
  artifactKey: Guid(8382f393401f9864ba78630305b6a2f3) Importer(815301076,1909f56bfc062723c751e8b465ee728b)
Start importing Assets/53c14b39-17d363e7540.wav using Guid(8382f393401f9864ba78630305b6a2f3) Importer(815301076,1909f56bfc062723c751e8b465ee728b)  -> (artifact id: '55b8a61e1a2a07b74ef4c1f3f71f54bd') in 0.047134 seconds 
========================================================================
Received Import Request.
  Time since last request: 0.000030 seconds.
  path: Assets/tile_0583 1.png
  artifactKey: Guid(5154e37afe18e0740a45c74c7194fc9d) Importer(815301076,1909f56bfc062723c751e8b465ee728b)
Start importing Assets/tile_0583 1.png using Guid(5154e37afe18e0740a45c74c7194fc9d) Importer(815301076,1909f56bfc062723c751e8b465ee728b)  -> (artifact id: 'a58e2c9212467d55c9bd50da9ce42421') in 0.013391 seconds 
========================================================================
Received Import Request.
  Time since last request: 0.000021 seconds.
  path: Assets/3C9DC92B6368121610C5CD9E655F6BA4.png
  artifactKey: Guid(cf979e349ad346c4a85558dc4780bef6) Importer(815301076,1909f56bfc062723c751e8b465ee728b)
Start importing Assets/3C9DC92B6368121610C5CD9E655F6BA4.png using Guid(cf979e349ad346c4a85558dc4780bef6) Importer(815301076,1909f56bfc062723c751e8b465ee728b)  -> (artifact id: 'f4b6ca84b84f0dcb4df76c22c18ae233') in 0.081011 seconds 
========================================================================
Received Import Request.
  Time since last request: 0.000028 seconds.
  path: Assets/7DA7E553744747CA266C40E9F5E7CFED.png
  artifactKey: Guid(d4e7e6fbf1bab674d82261720e3af766) Importer(815301076,1909f56bfc062723c751e8b465ee728b)
Start importing Assets/7DA7E553744747CA266C40E9F5E7CFED.png using Guid(d4e7e6fbf1bab674d82261720e3af766) Importer(815301076,1909f56bfc062723c751e8b465ee728b)  -> (artifact id: '50ee4e45aeb682216c884e90d6fd0ac8') in 0.014809 seconds 
========================================================================
Received Import Request.
  Time since last request: 0.000024 seconds.
  path: Assets/5CD46B90EBAB5A0A1F4BB8FFD56DA1A2.jpg
  artifactKey: Guid(0eb1d3fc44c96a24a9d78a23430b4abe) Importer(815301076,1909f56bfc062723c751e8b465ee728b)
Start importing Assets/5CD46B90EBAB5A0A1F4BB8FFD56DA1A2.jpg using Guid(0eb1d3fc44c96a24a9d78a23430b4abe) Importer(815301076,1909f56bfc062723c751e8b465ee728b)  -> (artifact id: 'f0c0ec3aebe09e2c793b8144a66b7a5c') in 0.016844 seconds 
========================================================================
Received Import Request.
  Time since last request: 0.000026 seconds.
  path: Assets/4F60AEDBFA149662B408089687683CAF.png
  artifactKey: Guid(b9da23772c411904cabc0d2cbd21479c) Importer(815301076,1909f56bfc062723c751e8b465ee728b)
Start importing Assets/4F60AEDBFA149662B408089687683CAF.png using Guid(b9da23772c411904cabc0d2cbd21479c) Importer(815301076,1909f56bfc062723c751e8b465ee728b)  -> (artifact id: 'cb5007a807a3cd041443fa278e5107f9') in 0.094905 seconds 
========================================================================
Received Import Request.
  Time since last request: 0.000026 seconds.
  path: Assets/E0C79B6F0AD0A9510C8707DE4D9DC68E.png
  artifactKey: Guid(982be36b56e6d764ebcbee2b08f0620a) Importer(815301076,1909f56bfc062723c751e8b465ee728b)
Start importing Assets/E0C79B6F0AD0A9510C8707DE4D9DC68E.png using Guid(982be36b56e6d764ebcbee2b08f0620a) Importer(815301076,1909f56bfc062723c751e8b465ee728b)  -> (artifact id: '637a68cfab9015a899d6667e750e29c7') in 0.087396 seconds 
========================================================================
Received Import Request.
  Time since last request: 0.000085 seconds.
  path: Assets/Ab1.png
  artifactKey: Guid(db115319330820d49a0b191d442df931) Importer(815301076,1909f56bfc062723c751e8b465ee728b)
Start importing Assets/Ab1.png using Guid(db115319330820d49a0b191d442df931) Importer(815301076,1909f56bfc062723c751e8b465ee728b)  -> (artifact id: 'a253c36a7775f97c78e220abee0cad5b') in 0.053943 seconds 
========================================================================
Received Import Request.
  Time since last request: 0.000055 seconds.
  path: Assets/y1215.mp3
  artifactKey: Guid(7412161be5e1dd143916b7dd6802d2d1) Importer(815301076,1909f56bfc062723c751e8b465ee728b)
Start importing Assets/y1215.mp3 using Guid(7412161be5e1dd143916b7dd6802d2d1) Importer(815301076,1909f56bfc062723c751e8b465ee728b)  -> (artifact id: 'b4dded83add05a51ca0066e534ec7cdf') in 0.027277 seconds 
========================================================================
Received Import Request.
  Time since last request: 0.000045 seconds.
  path: Assets/E2B3B167F2619D86C6382EB2239734B1.png
  artifactKey: Guid(6c0ea871376017e48b2fd83f8559b43a) Importer(815301076,1909f56bfc062723c751e8b465ee728b)
Start importing Assets/E2B3B167F2619D86C6382EB2239734B1.png using Guid(6c0ea871376017e48b2fd83f8559b43a) Importer(815301076,1909f56bfc062723c751e8b465ee728b)  -> (artifact id: 'c406ea7cac6ab7471f39e48c23bbe24e') in 0.113821 seconds 
========================================================================
Received Import Request.
  Time since last request: 0.000034 seconds.
  path: Assets/eb76c8128bc82581ea2cb03c6c4dc1d1.png
  artifactKey: Guid(c94f51a036999474c9b1e8192d1d407a) Importer(815301076,1909f56bfc062723c751e8b465ee728b)
Start importing Assets/eb76c8128bc82581ea2cb03c6c4dc1d1.png using Guid(c94f51a036999474c9b1e8192d1d407a) Importer(815301076,1909f56bfc062723c751e8b465ee728b)  -> (artifact id: '07f5f6d3f3e440e8d7da748bc8e4077d') in 0.024764 seconds 
========================================================================
Received Import Request.
  Time since last request: 21.596293 seconds.
  path: Assets/Scenes
  artifactKey: Guid(6ea315d0fd7389c41b19996891e99ae3) Importer(815301076,1909f56bfc062723c751e8b465ee728b)
Start importing Assets/Scenes using Guid(6ea315d0fd7389c41b19996891e99ae3) Importer(815301076,1909f56bfc062723c751e8b465ee728b)  -> (artifact id: 'b8193726cff86800c54781cdc6d54904') in 0.004473 seconds 
========================================================================
Received Import Request.
  Time since last request: 4.737398 seconds.
  path: Assets/Scenes/home page.unity
  artifactKey: Guid(5e7af4bd95ac53a4cb784a9eedf8f6f9) Importer(815301076,1909f56bfc062723c751e8b465ee728b)
Start importing Assets/Scenes/home page.unity using Guid(5e7af4bd95ac53a4cb784a9eedf8f6f9) Importer(815301076,1909f56bfc062723c751e8b465ee728b)  -> (artifact id: 'c1bcebf0d0d98cacd2c397a4debe9f1c') in 0.004170 seconds 
========================================================================
Received Prepare
Registering precompiled user dll's ...
Registered in 0.018468 seconds.
Begin MonoManager ReloadAssembly
Symbol file LoadedFromMemory doesn't match image D:\C#\Unity\1\Unity 6\Library\PackageCache\com.unity.visualscripting@1.8.0\Editor\VisualScripting.Core\Dependencies\YamlDotNet\Unity.VisualScripting.YamlDotNet.dll
Symbol file LoadedFromMemory doesn't match image D:\C#\Unity\1\Unity 6\Library\PackageCache\com.unity.visualscripting@1.8.0\Editor\VisualScripting.Core\Dependencies\DotNetZip\Unity.VisualScripting.IonicZip.dll
Native extension for UWP target not found
Native extension for WindowsStandalone target not found
Native extension for WebGL target not found
Refreshing native plugins compatible for Editor in 1.59 ms, found 3 plugins.
Preloading 0 native plugins for Editor in 0.00 ms.
Mono: successfully reloaded assembly
- Completed reload, in  1.827 seconds
Domain Reload Profiling:
	ReloadAssembly (1828ms)
		BeginReloadAssembly (271ms)
			ExecutionOrderSort (0ms)
			DisableScriptedObjects (9ms)
			BackupInstance (0ms)
			ReleaseScriptingObjects (0ms)
			CreateAndSetChildDomain (49ms)
		EndReloadAssembly (1342ms)
			LoadAssemblies (199ms)
			RebuildTransferFunctionScriptingTraits (0ms)
			SetupTypeCache (349ms)
			ReleaseScriptCaches (2ms)
			RebuildScriptCaches (43ms)
			SetupLoadedEditorAssemblies (714ms)
				LogAssemblyErrors (0ms)
				InitializePlatformSupportModulesInManaged (32ms)
				SetLoadedEditorAssemblies (1ms)
				RefreshPlugins (2ms)
				BeforeProcessingInitializeOnLoad (126ms)
				ProcessInitializeOnLoadAttributes (456ms)
				ProcessInitializeOnLoadMethodAttributes (19ms)
				AfterProcessingInitializeOnLoad (77ms)
				EditorAssembliesLoaded (0ms)
			ExecutionOrderSort2 (0ms)
			AwakeInstancesAfterBackupRestoration (14ms)
Platform modules already initialized, skipping
Refreshing native plugins compatible for Editor in 7.25 ms, found 3 plugins.
Preloading 0 native plugins for Editor in 0.00 ms.
Unloading 3525 Unused Serialized files (Serialized files now loaded: 0)
Unloading 78 unused Assets / (10.7 MB). Loaded Objects now: 4067.
Memory consumption went from 222.4 MB to 211.7 MB.
Total: 11.081600 ms (FindLiveObjects: 0.588400 ms CreateObjectMapping: 0.189500 ms MarkObjects: 4.777300 ms  DeleteObjects: 5.524600 ms)

AssetImportParameters requested are different than current active one (requested -> active):
  custom:video-decoder-ogg-theora: a1e56fd34408186e4bbccfd4996cb3dc -> 
  custom:container-muxer-webm: aa71ff27fc2769a1b78a27578f13a17b -> 
  custom:container-demuxer-webm: 4f35f7cbe854078d1ac9338744f61a02 -> 
  custom:video-encoder-webm-vp8: eb34c28f22e8b96e1ab97ce403110664 -> 
  custom:video-codec-MediaFoundation-h265: 746d11721c4dcdbdad8f713fa42b33f4 -> 
  custom:audio-encoder-webm-vorbis: bf7c407c2cedff20999df2af8eb42d56 -> 
  custom:framework-win-MediaFoundation: 216162199b28c13a410421893ffa2e32 -> 
  custom:container-demuxer-ogg: 62fdf1f143b41e24485cea50d1cbac27 -> 
  custom:video-decoder-webm-vp8: 9c59270c3fd7afecdb556c50c9e8de78 -> 
  custom:audio-decoder-ogg-vorbis: bf7c407c2cedff20999df2af8eb42d56 -> 
