Using pre-set license
Built from '2021.3/china_unity/release' branch; Version is '2021.3.18f1c1 (93698379025b) revision 9660803'; Using compiler version '192829333'; Build Type 'Release'
OS: 'Windows 11  (10.0.22000) 64bit CoreCountrySpecific' Language: 'zh' Physical Memory: 14188 MB
BatchMode: 1, IsHumanControllingUs: 0, StartBugReporterOnCrash: 0, Is64bit: 1, IsPro: 1

COMMAND LINE ARGUMENTS:
C:\Program Files\Unity\Hub\Editor\2021.3.18f1c1\Editor\Unity.exe
-adb2
-batchMode
-noUpm
-name
AssetImportWorker1
-projectPath
D:/C#/Unity/1/Unity 6
-logFile
Logs/AssetImportWorker1.log
-srvPort
58083
Successfully changed project path to: D:/C#/Unity/1/Unity 6
D:/C#/Unity/1/Unity 6
[UnityMemory] Configuration Parameters - Can be set up in boot.config
    "memorysetup-bucket-allocator-granularity=16"
    "memorysetup-bucket-allocator-bucket-count=8"
    "memorysetup-bucket-allocator-block-size=33554432"
    "memorysetup-bucket-allocator-block-count=8"
    "memorysetup-main-allocator-block-size=16777216"
    "memorysetup-thread-allocator-block-size=16777216"
    "memorysetup-gfx-main-allocator-block-size=16777216"
    "memorysetup-gfx-thread-allocator-block-size=16777216"
    "memorysetup-cache-allocator-block-size=4194304"
    "memorysetup-typetree-allocator-block-size=2097152"
    "memorysetup-profiler-bucket-allocator-granularity=16"
    "memorysetup-profiler-bucket-allocator-bucket-count=8"
    "memorysetup-profiler-bucket-allocator-block-size=33554432"
    "memorysetup-profiler-bucket-allocator-block-count=8"
    "memorysetup-profiler-allocator-block-size=16777216"
    "memorysetup-profiler-editor-allocator-block-size=1048576"
    "memorysetup-temp-allocator-size-main=16777216"
    "memorysetup-job-temp-allocator-block-size=2097152"
    "memorysetup-job-temp-allocator-block-size-background=1048576"
    "memorysetup-job-temp-allocator-reduction-small-platforms=262144"
    "memorysetup-temp-allocator-size-background-worker=32768"
    "memorysetup-temp-allocator-size-job-worker=262144"
    "memorysetup-temp-allocator-size-preload-manager=33554432"
    "memorysetup-temp-allocator-size-nav-mesh-worker=65536"
    "memorysetup-temp-allocator-size-audio-worker=65536"
    "memorysetup-temp-allocator-size-cloud-worker=32768"
    "memorysetup-temp-allocator-size-gi-baking-worker=262144"
    "memorysetup-temp-allocator-size-gfx=262144"
Player connection [58772] Host "[IP] 192.168.138.208 [Port] 0 [Flags] 2 [Guid] 1780665255 [EditorId] 1780665255 [Version] 1048832 [Id] WindowsEditor(7,LAPTOP-U2A2GJVI) [Debug] 1 [PackageName] WindowsEditor [ProjectName] Editor" joined multi-casting on [225.0.0.222:54997]...

Player connection [58772] Host "[IP] 192.168.138.208 [Port] 0 [Flags] 2 [Guid] 1780665255 [EditorId] 1780665255 [Version] 1048832 [Id] WindowsEditor(7,LAPTOP-U2A2GJVI) [Debug] 1 [PackageName] WindowsEditor [ProjectName] Editor" joined alternative multi-casting on [225.0.0.222:34997]...

AS: AutoStreaming module initializing.
Refreshing native plugins compatible for Editor in 102.38 ms, found 3 plugins.
Preloading 0 native plugins for Editor in 0.00 ms.
Initialize engine version: 2021.3.18f1c1 (93698379025b)
[Subsystems] Discovering subsystems at path C:/Program Files/Unity/Hub/Editor/2021.3.18f1c1/Editor/Data/Resources/UnitySubsystems
[Subsystems] Discovering subsystems at path D:/C#/Unity/1/Unity 6/Assets
GfxDevice: creating device client; threaded=0; jobified=0
Direct3D:
    Version:  Direct3D 11.0 [level 11.1]
    Renderer: NVIDIA GeForce GTX 1650 (ID=0x1f9d)
    Vendor:   NVIDIA
    VRAM:     3965 MB
    Driver:   31.0.15.1654
Initialize mono
Mono path[0] = 'C:/Program Files/Unity/Hub/Editor/2021.3.18f1c1/Editor/Data/Managed'
Mono path[1] = 'C:/Program Files/Unity/Hub/Editor/2021.3.18f1c1/Editor/Data/MonoBleedingEdge/lib/mono/unityjit-win32'
Mono config path = 'C:/Program Files/Unity/Hub/Editor/2021.3.18f1c1/Editor/Data/MonoBleedingEdge/etc'
Using monoOptions --debugger-agent=transport=dt_socket,embedding=1,server=y,suspend=n,address=127.0.0.1:56632
Begin MonoManager ReloadAssembly
Registering precompiled unity dll's ...
Register platform support module: C:/Program Files/Unity/Hub/Editor/2021.3.18f1c1/Editor/Data/PlaybackEngines/WebGLSupport/UnityEditor.WebGL.Extensions.dll
Register platform support module: C:/Program Files/Unity/Hub/Editor/2021.3.18f1c1/Editor/Data/PlaybackEngines/WindowsStandaloneSupport/UnityEditor.WindowsStandalone.Extensions.dll
Register platform support module: C:/Program Files/Unity/Hub/Editor/2021.3.18f1c1/Editor/Data/PlaybackEngines/MetroSupport/UnityEditor.UWP.Extensions.dll
Registered in 0.035266 seconds.
Native extension for UWP target not found
Native extension for WindowsStandalone target not found
Native extension for WebGL target not found
Refreshing native plugins compatible for Editor in 138.78 ms, found 3 plugins.
Preloading 0 native plugins for Editor in 0.00 ms.
Mono: successfully reloaded assembly
- Completed reload, in  1.237 seconds
Domain Reload Profiling:
	ReloadAssembly (1238ms)
		BeginReloadAssembly (322ms)
			ExecutionOrderSort (0ms)
			DisableScriptedObjects (0ms)
			BackupInstance (0ms)
			ReleaseScriptingObjects (0ms)
			CreateAndSetChildDomain (1ms)
		EndReloadAssembly (693ms)
			LoadAssemblies (306ms)
			RebuildTransferFunctionScriptingTraits (0ms)
			SetupTypeCache (135ms)
			ReleaseScriptCaches (0ms)
			RebuildScriptCaches (42ms)
			SetupLoadedEditorAssemblies (403ms)
				LogAssemblyErrors (0ms)
				InitializePlatformSupportModulesInManaged (25ms)
				SetLoadedEditorAssemblies (0ms)
				RefreshPlugins (139ms)
				BeforeProcessingInitializeOnLoad (2ms)
				ProcessInitializeOnLoadAttributes (169ms)
				ProcessInitializeOnLoadMethodAttributes (68ms)
				AfterProcessingInitializeOnLoad (0ms)
				EditorAssembliesLoaded (0ms)
			ExecutionOrderSort2 (0ms)
			AwakeInstancesAfterBackupRestoration (0ms)
Platform modules already initialized, skipping
Registering precompiled user dll's ...
Registered in 0.023596 seconds.
Begin MonoManager ReloadAssembly
Symbol file LoadedFromMemory doesn't match image D:\C#\Unity\1\Unity 6\Library\PackageCache\com.unity.visualscripting@1.8.0\Editor\VisualScripting.Core\Dependencies\YamlDotNet\Unity.VisualScripting.YamlDotNet.dll
Symbol file LoadedFromMemory doesn't match image D:\C#\Unity\1\Unity 6\Library\PackageCache\com.unity.visualscripting@1.8.0\Editor\VisualScripting.Core\Dependencies\DotNetZip\Unity.VisualScripting.IonicZip.dll
Native extension for UWP target not found
Native extension for WindowsStandalone target not found
Native extension for WebGL target not found
Refreshing native plugins compatible for Editor in 0.92 ms, found 3 plugins.
Preloading 0 native plugins for Editor in 0.00 ms.
Mono: successfully reloaded assembly
- Completed reload, in  1.866 seconds
Domain Reload Profiling:
	ReloadAssembly (1867ms)
		BeginReloadAssembly (204ms)
			ExecutionOrderSort (0ms)
			DisableScriptedObjects (6ms)
			BackupInstance (0ms)
			ReleaseScriptingObjects (0ms)
			CreateAndSetChildDomain (27ms)
		EndReloadAssembly (1458ms)
			LoadAssemblies (242ms)
			RebuildTransferFunctionScriptingTraits (0ms)
			SetupTypeCache (324ms)
			ReleaseScriptCaches (1ms)
			RebuildScriptCaches (60ms)
			SetupLoadedEditorAssemblies (775ms)
				LogAssemblyErrors (0ms)
				InitializePlatformSupportModulesInManaged (19ms)
				SetLoadedEditorAssemblies (1ms)
				RefreshPlugins (1ms)
				BeforeProcessingInitializeOnLoad (139ms)
				ProcessInitializeOnLoadAttributes (548ms)
				ProcessInitializeOnLoadMethodAttributes (22ms)
				AfterProcessingInitializeOnLoad (46ms)
				EditorAssembliesLoaded (0ms)
			ExecutionOrderSort2 (0ms)
			AwakeInstancesAfterBackupRestoration (13ms)
Platform modules already initialized, skipping
========================================================================
Worker process is ready to serve import requests
Launched and connected shader compiler UnityShaderCompiler.exe after 0.10 seconds
Refreshing native plugins compatible for Editor in 1.00 ms, found 3 plugins.
Preloading 0 native plugins for Editor in 0.00 ms.
Unloading 3642 Unused Serialized files (Serialized files now loaded: 0)
Unloading 85 unused Assets / (10.8 MB). Loaded Objects now: 4044.
Memory consumption went from 230.1 MB to 219.3 MB.
Total: 8.208300 ms (FindLiveObjects: 0.388100 ms CreateObjectMapping: 0.138600 ms MarkObjects: 3.014500 ms  DeleteObjects: 4.665900 ms)

AssetImportParameters requested are different than current active one (requested -> active):
  custom:video-decoder-ogg-theora: a1e56fd34408186e4bbccfd4996cb3dc -> 
  custom:container-muxer-webm: aa71ff27fc2769a1b78a27578f13a17b -> 
  custom:container-demuxer-webm: 4f35f7cbe854078d1ac9338744f61a02 -> 
  custom:video-encoder-webm-vp8: eb34c28f22e8b96e1ab97ce403110664 -> 
  custom:video-codec-MediaFoundation-h265: 746d11721c4dcdbdad8f713fa42b33f4 -> 
  custom:audio-encoder-webm-vorbis: bf7c407c2cedff20999df2af8eb42d56 -> 
  custom:framework-win-MediaFoundation: 216162199b28c13a410421893ffa2e32 -> 
  custom:container-demuxer-ogg: 62fdf1f143b41e24485cea50d1cbac27 -> 
  custom:video-decoder-webm-vp8: 9c59270c3fd7afecdb556c50c9e8de78 -> 
  custom:audio-decoder-ogg-vorbis: bf7c407c2cedff20999df2af8eb42d56 -> 
========================================================================
Received Import Request.
  Time since last request: 459113.184745 seconds.
  path: Assets/JM1JUWLRRRZYSND53E615D528CE88FEC.mp3
  artifactKey: Guid(5be62dfe1bc33364784988c92d098031) Importer(815301076,1909f56bfc062723c751e8b465ee728b)
Start importing Assets/JM1JUWLRRRZYSND53E615D528CE88FEC.mp3 using Guid(5be62dfe1bc33364784988c92d098031) Importer(815301076,1909f56bfc062723c751e8b465ee728b)  -> (artifact id: '242dbf44609fbf642a0bf071d60194ea') in 0.143950 seconds 
========================================================================
Received Import Request.
  Time since last request: 0.000020 seconds.
  path: Assets/068F9ECCF66B5F98882265FC00B3EA1F.png
  artifactKey: Guid(27d3f4f9314bffb4cbf6ba4e19ebf493) Importer(815301076,1909f56bfc062723c751e8b465ee728b)
Start importing Assets/068F9ECCF66B5F98882265FC00B3EA1F.png using Guid(27d3f4f9314bffb4cbf6ba4e19ebf493) Importer(815301076,1909f56bfc062723c751e8b465ee728b)  -> (artifact id: '1185852f8f9d7027cc41180cf9baaab5') in 0.024840 seconds 
========================================================================
Received Import Request.
  Time since last request: 0.000016 seconds.
  path: Assets/1794e2b3cfd0d03c67891f89f2faecb1.png
  artifactKey: Guid(255822474e855e942a9f8dc866b21f92) Importer(815301076,1909f56bfc062723c751e8b465ee728b)
Start importing Assets/1794e2b3cfd0d03c67891f89f2faecb1.png using Guid(255822474e855e942a9f8dc866b21f92) Importer(815301076,1909f56bfc062723c751e8b465ee728b)  -> (artifact id: '28cc048512a56e90113d4ff3308427ec') in 0.013168 seconds 
========================================================================
Received Import Request.
  Time since last request: 0.000033 seconds.
  path: Assets/7DA7E553744747CA266C40E9F5E7CFED 1.png
  artifactKey: Guid(44ebd90ff0ba4774f87b5ba92c9c0708) Importer(815301076,1909f56bfc062723c751e8b465ee728b)
Start importing Assets/7DA7E553744747CA266C40E9F5E7CFED 1.png using Guid(44ebd90ff0ba4774f87b5ba92c9c0708) Importer(815301076,1909f56bfc062723c751e8b465ee728b)  -> (artifact id: '9b907de66607be30e71f72c123a8bfcf') in 0.105187 seconds 
========================================================================
Received Import Request.
  Time since last request: 0.000034 seconds.
  path: Assets/help.png
  artifactKey: Guid(b05bd303c20c36e438e7b2942f1dff36) Importer(815301076,1909f56bfc062723c751e8b465ee728b)
Start importing Assets/help.png using Guid(b05bd303c20c36e438e7b2942f1dff36) Importer(815301076,1909f56bfc062723c751e8b465ee728b)  -> (artifact id: '1d3d41bcf0f0dabb57465ba274dbe7db') in 0.055849 seconds 
========================================================================
Received Import Request.
  Time since last request: 0.000037 seconds.
  path: Assets/B88A6AF3A55F22EF3C5E74D9C0FDE6B6.png
  artifactKey: Guid(b57d6c2158b7a5f4c98e067f85666b4d) Importer(815301076,1909f56bfc062723c751e8b465ee728b)
Start importing Assets/B88A6AF3A55F22EF3C5E74D9C0FDE6B6.png using Guid(b57d6c2158b7a5f4c98e067f85666b4d) Importer(815301076,1909f56bfc062723c751e8b465ee728b)  -> (artifact id: '6c048a3e600928d3bb4f1635e0bc55c1') in 0.074769 seconds 
========================================================================
Received Import Request.
  Time since last request: 0.000021 seconds.
  path: Assets/3caeb5a2-179cd1287cc.wav
  artifactKey: Guid(dd30856c97cf90646af896dc4be57373) Importer(815301076,1909f56bfc062723c751e8b465ee728b)
Start importing Assets/3caeb5a2-179cd1287cc.wav using Guid(dd30856c97cf90646af896dc4be57373) Importer(815301076,1909f56bfc062723c751e8b465ee728b)  -> (artifact id: '25c8e723ef71c801d2bc25afd8a07ade') in 0.017113 seconds 
========================================================================
Received Import Request.
  Time since last request: 0.000022 seconds.
  path: Assets/C6D27313C0CE1B19201979626C3EAA35.png
  artifactKey: Guid(fee5396b2bb1aaf45b0a8b10a749ebb9) Importer(815301076,1909f56bfc062723c751e8b465ee728b)
Start importing Assets/C6D27313C0CE1B19201979626C3EAA35.png using Guid(fee5396b2bb1aaf45b0a8b10a749ebb9) Importer(815301076,1909f56bfc062723c751e8b465ee728b)  -> (artifact id: 'feacd8095fad5230f2b1b81bac21888b') in 0.094563 seconds 
========================================================================
Received Import Request.
  Time since last request: 0.000028 seconds.
  path: Assets/76286AF943F560BF62D329F58D3B6538.png
  artifactKey: Guid(1e338944357dfac48853f480f87fb8e6) Importer(815301076,1909f56bfc062723c751e8b465ee728b)
Start importing Assets/76286AF943F560BF62D329F58D3B6538.png using Guid(1e338944357dfac48853f480f87fb8e6) Importer(815301076,1909f56bfc062723c751e8b465ee728b)  -> (artifact id: 'bbd65e7de5b1db6d50fff2fae95a55a6') in 0.098429 seconds 
========================================================================
Received Import Request.
  Time since last request: 0.000047 seconds.
  path: Assets/43DA59DF8C89748ED365E16C02A81FF7.png
  artifactKey: Guid(22c8b3cbe23dbda47a90af9dd2259fdf) Importer(815301076,1909f56bfc062723c751e8b465ee728b)
Start importing Assets/43DA59DF8C89748ED365E16C02A81FF7.png using Guid(22c8b3cbe23dbda47a90af9dd2259fdf) Importer(815301076,1909f56bfc062723c751e8b465ee728b)  -> (artifact id: '61c2d6d33957af1c8ee705387fca8ee4') in 0.113484 seconds 
========================================================================
Received Import Request.
  Time since last request: 0.000036 seconds.
  path: Assets/author3.jpg
  artifactKey: Guid(e3fb820c839622244bf6907398750b40) Importer(815301076,1909f56bfc062723c751e8b465ee728b)
Start importing Assets/author3.jpg using Guid(e3fb820c839622244bf6907398750b40) Importer(815301076,1909f56bfc062723c751e8b465ee728b)  -> (artifact id: '00632585f3f9e0a647cbfb565e1bfc3b') in 0.105592 seconds 
========================================================================
Received Prepare
Registering precompiled user dll's ...
Registered in 0.019340 seconds.
Begin MonoManager ReloadAssembly
Symbol file LoadedFromMemory doesn't match image D:\C#\Unity\1\Unity 6\Library\PackageCache\com.unity.visualscripting@1.8.0\Editor\VisualScripting.Core\Dependencies\YamlDotNet\Unity.VisualScripting.YamlDotNet.dll
Symbol file LoadedFromMemory doesn't match image D:\C#\Unity\1\Unity 6\Library\PackageCache\com.unity.visualscripting@1.8.0\Editor\VisualScripting.Core\Dependencies\DotNetZip\Unity.VisualScripting.IonicZip.dll
Native extension for UWP target not found
Native extension for WindowsStandalone target not found
Native extension for WebGL target not found
Refreshing native plugins compatible for Editor in 1.51 ms, found 3 plugins.
Preloading 0 native plugins for Editor in 0.00 ms.
Mono: successfully reloaded assembly
- Completed reload, in  1.820 seconds
Domain Reload Profiling:
	ReloadAssembly (1821ms)
		BeginReloadAssembly (261ms)
			ExecutionOrderSort (0ms)
			DisableScriptedObjects (8ms)
			BackupInstance (0ms)
			ReleaseScriptingObjects (0ms)
			CreateAndSetChildDomain (46ms)
		EndReloadAssembly (1343ms)
			LoadAssemblies (194ms)
			RebuildTransferFunctionScriptingTraits (0ms)
			SetupTypeCache (334ms)
			ReleaseScriptCaches (1ms)
			RebuildScriptCaches (46ms)
			SetupLoadedEditorAssemblies (714ms)
				LogAssemblyErrors (0ms)
				InitializePlatformSupportModulesInManaged (32ms)
				SetLoadedEditorAssemblies (1ms)
				RefreshPlugins (2ms)
				BeforeProcessingInitializeOnLoad (123ms)
				ProcessInitializeOnLoadAttributes (459ms)
				ProcessInitializeOnLoadMethodAttributes (20ms)
				AfterProcessingInitializeOnLoad (78ms)
				EditorAssembliesLoaded (0ms)
			ExecutionOrderSort2 (0ms)
			AwakeInstancesAfterBackupRestoration (14ms)
Platform modules already initialized, skipping
Refreshing native plugins compatible for Editor in 7.33 ms, found 3 plugins.
Preloading 0 native plugins for Editor in 0.00 ms.
Unloading 3525 Unused Serialized files (Serialized files now loaded: 0)
Unloading 78 unused Assets / (10.9 MB). Loaded Objects now: 4066.
Memory consumption went from 222.6 MB to 211.7 MB.
Total: 10.886400 ms (FindLiveObjects: 0.469000 ms CreateObjectMapping: 0.203500 ms MarkObjects: 4.732400 ms  DeleteObjects: 5.480100 ms)

AssetImportParameters requested are different than current active one (requested -> active):
  custom:video-decoder-ogg-theora: a1e56fd34408186e4bbccfd4996cb3dc -> 
  custom:container-muxer-webm: aa71ff27fc2769a1b78a27578f13a17b -> 
  custom:container-demuxer-webm: 4f35f7cbe854078d1ac9338744f61a02 -> 
  custom:video-encoder-webm-vp8: eb34c28f22e8b96e1ab97ce403110664 -> 
  custom:video-codec-MediaFoundation-h265: 746d11721c4dcdbdad8f713fa42b33f4 -> 
  custom:audio-encoder-webm-vorbis: bf7c407c2cedff20999df2af8eb42d56 -> 
  custom:framework-win-MediaFoundation: 216162199b28c13a410421893ffa2e32 -> 
  custom:container-demuxer-ogg: 62fdf1f143b41e24485cea50d1cbac27 -> 
  custom:video-decoder-webm-vp8: 9c59270c3fd7afecdb556c50c9e8de78 -> 
  custom:audio-decoder-ogg-vorbis: bf7c407c2cedff20999df2af8eb42d56 -> 
